Arguments: 
  C:\Program Files\nodejs\node.exe C:\Users\sky\AppData\Roaming\npm\node_modules\yarn\bin\yarn.js cache clear

PATH: 
  C:\Windows\system32;C:\Windows;C:\Windows\System32\Wbem;C:\Windows\System32\WindowsPowerShell\v1.0\;C:\Windows\System32\OpenSSH\;C:\Program Files\Git\cmd;C:\Program Files\nodejs\;C:\Users\sky\AppData\Local\Microsoft\WindowsApps;;C:\Users\sky\AppData\Local\Programs\Microsoft VS Code\bin;C:\Program Files\JetBrains\WebStorm 2022.2.3\bin;;C:\Users\sky\AppData\Roaming\npm;C:\Users\sky\Desktop\tesler-version-fix-clone\node_modules\.bin

Yarn version: 
  1.22.19

Node version: 
  16.18.0

Platform: 
  win32 x64

Trace: 
  SyntaxError: C:\Users\sky\Desktop\tesler-version-fix-clone\package.json: Unexpected token } in JSON at position 2989
      at JSON.parse (<anonymous>)
      at C:\Users\sky\AppData\Roaming\npm\node_modules\yarn\lib\cli.js:1629:59
      at Generator.next (<anonymous>)
      at step (C:\Users\sky\AppData\Roaming\npm\node_modules\yarn\lib\cli.js:310:30)
      at C:\Users\sky\AppData\Roaming\npm\node_modules\yarn\lib\cli.js:321:13

npm manifest: 
  {
    "name": "tesler-version-fix-clone",
    "version": "1.0.18",
    "description": "",
    "main": "./dist/cjs/index.js",
    "module": "./dist/esm/index.js",
    "types": "./dist/esm/index.d.ts",
    "scripts": {
      "dev": "cross-env NODE_ENV=development webpack-dev-server",
      "build": "cross-env NODE_ENV=production webpack",
      "build:ts": "rimraf dist && tsc -p tsconfig.build.json",
      "build:prod": "rimraf dist && yarn build:esm && yarn build:cjs",
      "build:esm": "tsc",
      "build:cjs": "tsc --module commonjs --outDir dist/cjs",
      "start": "serve dist",
      "lint": "eslint src/**/*.{js,jsx,ts,tsx,json}",
      "lint:fix": "eslint --fix 'src/**/*.{js,jsx,ts,tsx,json}'",
      "format": "prettier --write 'src/**/*.{js,jsx,ts,tsx,css,md,json}' --config ./.prettierrc"
    },
    "repository": {
      "type": "git",
      "url": "git+https://github.com/AVArutyunyan777/tesler-version-fix-clone.git"
    },
    "keywords": [],
    "author": "",
    "license": "ISC",
    "bugs": {
      "url": "https://github.com/AVArutyunyan777/tesler-version-fix-clone/issues"
    },
    "homepage": "https://github.com/AVArutyunyan777/tesler-version-fix-clone#readme",
    "devDependencies": {
      "@babel/core": "^7.20.2",
      "@babel/preset-env": "^7.20.2",
      "@babel/preset-react": "^7.18.6",
      "@babel/preset-typescript": "^7.18.6",
      "@types/node": "^18.11.9",
      "@types/react": "^18.0.25",
      "@types/react-dom": "^18.0.8",
      "@typescript-eslint/eslint-plugin": "^5.42.1",
      "@typescript-eslint/parser": "^5.42.1",
      "babel-loader": "^9.1.0",
      "babel-plugin-import": "^1.13.5",
      "cross-env": "^7.0.3",
      "eslint-config-prettier": "^8.5.0",
      "eslint-import-resolver-typescript": "^3.5.2",
      "eslint-plugin-import": "^2.26.0",
      "eslint-plugin-prettier": "^4.2.1",
      "eslint-plugin-react": "^7.31.10",
      "eslint-plugin-react-hooks": "^4.6.0",
      "html-webpack-plugin": "^5.5.0",
      "prettier": "^2.7.1",
      "serve": "^14.1.0",
      "css-loader": "^5.0.0",
      "eslint": "^8.27.0",
      "less": "^2.7.2",
      "less-loader": "^5.0.0",
      "less-plugin-npm-import": "^2.1.0",
      "style-loader": "^1.1.3",
      "ts-import-plugin": "1.6.1",
      "ts-loader": "^7.0.4",
      "ts-node": "^9.1.1",
      "terser-webpack-plugin": "^5.3.6",
      "typescript": "^4.8.4",
      "webpack": "^5.74.0",
      "webpack-cli": "^4.10.0",
      "webpack-dev-server": "^4.11.1"
    },
    "dependencies": {
      "@designable/core": "1.0.0-beta.45",
      "@designable/formily-setters": "1.0.0-beta.45",
      "@designable/formily-transformer": "1.0.0-beta.45",
      "@designable/react": "1.0.0-beta.45",
      "@designable/react-settings-form": "1.0.0-beta.45",
      "@formily/antd": "^2.0.2",
      "@formily/core": "^2.0.2",
      "@formily/react": "^2.0.2",
      "@formily/reactive": "^2.0.2",
      "@formily/shared": "^2.0.2",
      "@types/react": "^17.0.0",
      "@types/react-dom": "^17.0.0",
      "antd": "^4.0.0",
      "react": "^18.2.0",
      "react-dom": "^18.2.0",
      "rimraf": "^3.0.2",
      "styled-components": "^5.3.6"
    },
  
  }

yarn manifest: 
  No manifest

Lockfile: 
  No lockfile
